<?xml version="1.0" encoding="UTF-8"?>
<!-- Generated by org.testng.reporters.JUnitReportReporter -->
<testsuite hostname="MSI" failures="0" tests="1" name="com.Equarz.Testcases.AdminBuyProuduct1" time="90.180" errors="0" timestamp="2023-11-17T12:17:55 IST" skipped="0">
  <testcase classname="com.Equarz.Testcases.AdminBuyProuduct1" name="verifyproduct" time="90.180"/>
</testsuite> <!-- com.Equarz.Testcases.AdminBuyProuduct1 -->
